<?xml version="1.0" encoding="UTF-8"?>
<!-- Generated by org.testng.reporters.JUnitReportReporter -->
<testsuite skipped="0" hostname="HML-058" name="com.flipkart.qa.testcases.productCategoryPage.AddingSingleProjectToCartTest" tests="1" failures="0" timestamp="19 Aug 2019 16:36:32 GMT" time="9.474" errors="0">
  <testcase name="addingSingleProjectToCartTest" time="9.474" classname="com.flipkart.qa.testcases.productCategoryPage.AddingSingleProjectToCartTest"/>
</testsuite> <!-- com.flipkart.qa.testcases.productCategoryPage.AddingSingleProjectToCartTest -->
