<?xml version="1.0" encoding="UTF-8"?>
<!-- Generated by org.testng.reporters.JUnitReportReporter -->
<testsuite skipped="0" hostname="HML-058" name="com.flipkart.qa.testcases.productCategoryPage.AddingSingleProjectToCartTest" tests="1" failures="0" timestamp="16 Aug 2019 15:38:56 GMT" time="9.493" errors="0">
  <testcase name="addingSingleProjectToCartTest" time="9.493" classname="com.flipkart.qa.testcases.productCategoryPage.AddingSingleProjectToCartTest"/>
</testsuite> <!-- com.flipkart.qa.testcases.productCategoryPage.AddingSingleProjectToCartTest -->
