<?xml version="1.0" encoding="UTF-8"?>
<!-- Generated by org.testng.reporters.JUnitReportReporter -->
<testsuite skipped="0" hostname="HML-058" name="com.flipkart.qa.testcases.productCategoryPage.AddingProjectToCart" tests="1" failures="0" timestamp="15 Aug 2019 09:19:10 GMT" time="15.052" errors="0">
  <testcase name="loginTest" time="15.052" classname="com.flipkart.qa.testcases.productCategoryPage.AddingProjectToCart"/>
</testsuite> <!-- com.flipkart.qa.testcases.productCategoryPage.AddingProjectToCart -->
