<?xml version="1.0" encoding="UTF-8"?>
<!-- Generated by org.testng.reporters.JUnitReportReporter -->
<testsuite skipped="1" hostname="HML-058" name="com.flipkart.qa.testcases.homepage.LoginTestValidInput" tests="3" failures="0" timestamp="19 Sep 2019 08:54:16 GMT" time="6.551" errors="0">
  <testcase name="loginTestWithValidInput" time="2.134" classname="com.flipkart.qa.testcases.homepage.LoginTestValidInput"/>
  <testcase name="loginTestWithValidInput" time="0.247" classname="com.flipkart.qa.testcases.homepage.LoginTestValidInput">
    <skipped/>
  </testcase> <!-- loginTestWithValidInput -->
  <testcase name="loginTestWithValidInput" time="4.170" classname="com.flipkart.qa.testcases.homepage.LoginTestValidInput"/>
</testsuite> <!-- com.flipkart.qa.testcases.homepage.LoginTestValidInput -->
