<?xml version="1.0" encoding="UTF-8"?>
<!-- Generated by org.testng.reporters.JUnitReportReporter -->
<testsuite skipped="1" hostname="HML-058" name="com.flipkart.qa.testcases.homepage.LoginTestValidInput" tests="3" failures="0" timestamp="18 Sep 2019 12:58:17 GMT" time="6.386" errors="0">
  <testcase name="loginTestWithValidInput" time="0.058" classname="com.flipkart.qa.testcases.homepage.LoginTestValidInput">
    <skipped/>
  </testcase> <!-- loginTestWithValidInput -->
  <testcase name="loginTestWithValidInput" time="2.472" classname="com.flipkart.qa.testcases.homepage.LoginTestValidInput"/>
  <testcase name="loginTestWithValidInput" time="3.856" classname="com.flipkart.qa.testcases.homepage.LoginTestValidInput"/>
</testsuite> <!-- com.flipkart.qa.testcases.homepage.LoginTestValidInput -->
