<?xml version="1.0" encoding="UTF-8"?>
<!-- Generated by org.testng.reporters.JUnitReportReporter -->
<testsuite skipped="0" hostname="HML-058" name="com.flipkart.qa.testcases.productCategoryPage.AddingSingleProjectToCartTest" tests="1" failures="0" timestamp="18 Sep 2019 13:55:09 GMT" time="15.537" errors="0">
  <testcase name="addingSingleProjectToCartTest" time="15.537" classname="com.flipkart.qa.testcases.productCategoryPage.AddingSingleProjectToCartTest"/>
</testsuite> <!-- com.flipkart.qa.testcases.productCategoryPage.AddingSingleProjectToCartTest -->
