<?xml version="1.0" encoding="UTF-8"?>
<!-- Generated by org.testng.reporters.JUnitReportReporter -->
<testsuite skipped="0" hostname="HML-058" name="com.flipkart.qa.testcases.productCategoryPage.AddingProjectToCartTest" tests="1" failures="0" timestamp="16 Aug 2019 04:18:43 GMT" time="30.151" errors="0">
  <testcase name="loginTest" time="30.151" classname="com.flipkart.qa.testcases.productCategoryPage.AddingProjectToCartTest"/>
</testsuite> <!-- com.flipkart.qa.testcases.productCategoryPage.AddingProjectToCartTest -->
