<?xml version="1.0" encoding="UTF-8"?>
<!-- Generated by org.testng.reporters.JUnitReportReporter -->
<testsuite skipped="1" hostname="HML-058" name="com.flipkart.qa.testcases.homepage.LoginTestValidInput" tests="3" failures="0" timestamp="18 Sep 2019 13:55:09 GMT" time="55.450" errors="0">
  <testcase name="loginTestWithValidInput" time="22.642" classname="com.flipkart.qa.testcases.homepage.LoginTestValidInput"/>
  <testcase name="loginTestWithValidInput" time="32.585" classname="com.flipkart.qa.testcases.homepage.LoginTestValidInput"/>
  <testcase name="loginTestWithValidInput" time="0.223" classname="com.flipkart.qa.testcases.homepage.LoginTestValidInput">
    <skipped/>
  </testcase> <!-- loginTestWithValidInput -->
</testsuite> <!-- com.flipkart.qa.testcases.homepage.LoginTestValidInput -->
