<?xml version="1.0" encoding="UTF-8"?>
<!-- Generated by org.testng.reporters.JUnitReportReporter -->
<testsuite skipped="0" hostname="HML-058" name="com.flipkart.qa.testcases.productCategoryPage.AddingMultipleProjectToCartTest" tests="1" failures="0" timestamp="19 Sep 2019 08:50:25 GMT" time="36.248" errors="0">
  <testcase name="addingMultipleProjectToCartTest" time="36.248" classname="com.flipkart.qa.testcases.productCategoryPage.AddingMultipleProjectToCartTest"/>
</testsuite> <!-- com.flipkart.qa.testcases.productCategoryPage.AddingMultipleProjectToCartTest -->
