<?xml version="1.0" encoding="UTF-8"?>
<!-- Generated by org.testng.reporters.JUnitReportReporter -->
<testsuite skipped="1" hostname="HML-058" name="com.flipkart.qa.testcases.homepage.LoginTestValidInput" tests="3" failures="0" timestamp="19 Sep 2019 08:50:25 GMT" time="5.064" errors="0">
  <testcase name="loginTestWithValidInput" time="0.046" classname="com.flipkart.qa.testcases.homepage.LoginTestValidInput">
    <skipped/>
  </testcase> <!-- loginTestWithValidInput -->
  <testcase name="loginTestWithValidInput" time="2.608" classname="com.flipkart.qa.testcases.homepage.LoginTestValidInput"/>
  <testcase name="loginTestWithValidInput" time="2.410" classname="com.flipkart.qa.testcases.homepage.LoginTestValidInput"/>
</testsuite> <!-- com.flipkart.qa.testcases.homepage.LoginTestValidInput -->
